[ 2018-11-08T15:11:30+08:00 ] ::1 /YFShop/index.php/Home/images/tb1_pic.png
INFO: [ app_init ] --START--
INFO: Run Behavior\BuildLiteBehavior [ RunTime:0.000000s ]
INFO: [ app_init ] --END-- [ RunTime:0.000000s ]

[ 2018-11-08T15:12:10+08:00 ] ::1 /YFShop/index.php/Home/images/tb1_pic.png
INFO: [ app_init ] --START--
INFO: Run Behavior\BuildLiteBehavior [ RunTime:0.000000s ]
INFO: [ app_init ] --END-- [ RunTime:0.001000s ]

[ 2018-11-08T15:13:53+08:00 ] ::1 /YFShop/index.php/Home/images/tb1_pic.png
INFO: [ app_init ] --START--
INFO: Run Behavior\BuildLiteBehavior [ RunTime:0.000000s ]
INFO: [ app_init ] --END-- [ RunTime:0.000000s ]

[ 2018-11-08T15:38:31+08:00 ] ::1 /YFShop/index.php/Admin/favicon.ico
INFO: [ app_init ] --START--
INFO: Run Behavior\BuildLiteBehavior [ RunTime:0.000000s ]
INFO: [ app_init ] --END-- [ RunTime:0.001000s ]

[ 2018-11-08T15:41:49+08:00 ] ::1 /YFShop/index.php/Home/images/%E9%AA%8C%E8%AF%81%E7%A0%81.png
INFO: [ app_init ] --START--
INFO: Run Behavior\BuildLiteBehavior [ RunTime:0.000000s ]
INFO: [ app_init ] --END-- [ RunTime:0.000000s ]

[ 2018-11-08T15:43:05+08:00 ] ::1 /YFShop/index.php/Home/images/%E9%AA%8C%E8%AF%81%E7%A0%81.png
INFO: [ app_init ] --START--
INFO: Run Behavior\BuildLiteBehavior [ RunTime:0.000000s ]
INFO: [ app_init ] --END-- [ RunTime:0.000000s ]

[ 2018-11-08T16:11:50+08:00 ] ::1 /YFShop/index.php/Home/images/%E9%AA%8C%E8%AF%81%E7%A0%81.png
INFO: [ app_init ] --START--
INFO: Run Behavior\BuildLiteBehavior [ RunTime:0.000000s ]
INFO: [ app_init ] --END-- [ RunTime:0.000000s ]

[ 2018-11-08T16:15:18+08:00 ] ::1 /YFShop/index.php/Home/images/%E9%AA%8C%E8%AF%81%E7%A0%81.png
INFO: [ app_init ] --START--
INFO: Run Behavior\BuildLiteBehavior [ RunTime:0.000000s ]
INFO: [ app_init ] --END-- [ RunTime:0.001000s ]

[ 2018-11-08T16:17:00+08:00 ] ::1 /YFShop/index.php/Home/images/%E9%AA%8C%E8%AF%81%E7%A0%81.png
INFO: [ app_init ] --START--
INFO: Run Behavior\BuildLiteBehavior [ RunTime:0.000000s ]
INFO: [ app_init ] --END-- [ RunTime:0.000000s ]

[ 2018-11-08T16:18:02+08:00 ] ::1 /YFShop/index.php/Home/images/%E9%AA%8C%E8%AF%81%E7%A0%81.png
INFO: [ app_init ] --START--
INFO: Run Behavior\BuildLiteBehavior [ RunTime:0.000000s ]
INFO: [ app_init ] --END-- [ RunTime:0.001000s ]

[ 2018-11-08T16:18:40+08:00 ] ::1 /YFShop/index.php/Home/images/%E9%AA%8C%E8%AF%81%E7%A0%81.png
INFO: [ app_init ] --START--
INFO: Run Behavior\BuildLiteBehavior [ RunTime:0.000000s ]
INFO: [ app_init ] --END-- [ RunTime:0.001000s ]

[ 2018-11-08T16:21:12+08:00 ] ::1 /YFShop/index.php/Home/images/%E9%AA%8C%E8%AF%81%E7%A0%81.png
INFO: [ app_init ] --START--
INFO: Run Behavior\BuildLiteBehavior [ RunTime:0.000000s ]
INFO: [ app_init ] --END-- [ RunTime:0.000000s ]

[ 2018-11-08T16:27:38+08:00 ] ::1 /YFShop/index.php/Home/images/%E9%AA%8C%E8%AF%81%E7%A0%81.png
INFO: [ app_init ] --START--
INFO: Run Behavior\BuildLiteBehavior [ RunTime:0.000000s ]
INFO: [ app_init ] --END-- [ RunTime:0.000000s ]

[ 2018-11-08T16:28:00+08:00 ] ::1 /YFShop/index.php/Home/images/%E9%AA%8C%E8%AF%81%E7%A0%81.png
INFO: [ app_init ] --START--
INFO: Run Behavior\BuildLiteBehavior [ RunTime:0.000000s ]
INFO: [ app_init ] --END-- [ RunTime:0.000000s ]

[ 2018-11-08T16:29:29+08:00 ] ::1 /YFShop/index.php/Home/images/%E9%AA%8C%E8%AF%81%E7%A0%81.png
INFO: [ app_init ] --START--
INFO: Run Behavior\BuildLiteBehavior [ RunTime:0.000000s ]
INFO: [ app_init ] --END-- [ RunTime:0.000000s ]

[ 2018-11-08T16:29:38+08:00 ] ::1 /YFShop/index.php/Home/images/%E9%AA%8C%E8%AF%81%E7%A0%81.png
INFO: [ app_init ] --START--
INFO: Run Behavior\BuildLiteBehavior [ RunTime:0.000000s ]
INFO: [ app_init ] --END-- [ RunTime:0.001000s ]

[ 2018-11-08T16:29:49+08:00 ] ::1 /YFShop/index.php/Home/images/%E9%AA%8C%E8%AF%81%E7%A0%81.png
INFO: [ app_init ] --START--
INFO: Run Behavior\BuildLiteBehavior [ RunTime:0.000000s ]
INFO: [ app_init ] --END-- [ RunTime:0.000000s ]

[ 2018-11-08T16:29:58+08:00 ] ::1 /YFShop/index.php/Home/images/%E9%AA%8C%E8%AF%81%E7%A0%81.png
INFO: [ app_init ] --START--
INFO: Run Behavior\BuildLiteBehavior [ RunTime:0.000000s ]
INFO: [ app_init ] --END-- [ RunTime:0.000000s ]

[ 2018-11-08T16:30:14+08:00 ] ::1 /YFShop/index.php/Home/images/%E9%AA%8C%E8%AF%81%E7%A0%81.png
INFO: [ app_init ] --START--
INFO: Run Behavior\BuildLiteBehavior [ RunTime:0.000000s ]
INFO: [ app_init ] --END-- [ RunTime:0.000000s ]

[ 2018-11-08T16:30:15+08:00 ] ::1 /YFShop/index.php/Home/images/%E9%AA%8C%E8%AF%81%E7%A0%81.png
INFO: [ app_init ] --START--
INFO: Run Behavior\BuildLiteBehavior [ RunTime:0.000000s ]
INFO: [ app_init ] --END-- [ RunTime:0.001000s ]

[ 2018-11-08T16:30:19+08:00 ] ::1 /YFShop/index.php/Home/images/%E9%AA%8C%E8%AF%81%E7%A0%81.png
INFO: [ app_init ] --START--
INFO: Run Behavior\BuildLiteBehavior [ RunTime:0.000000s ]
INFO: [ app_init ] --END-- [ RunTime:0.000000s ]

[ 2018-11-08T16:30:21+08:00 ] ::1 /YFShop/index.php/Home/images/%E9%AA%8C%E8%AF%81%E7%A0%81.png
INFO: [ app_init ] --START--
INFO: Run Behavior\BuildLiteBehavior [ RunTime:0.000000s ]
INFO: [ app_init ] --END-- [ RunTime:0.000000s ]

[ 2018-11-08T16:31:13+08:00 ] ::1 /YFShop/index.php/Home/images/%E9%AA%8C%E8%AF%81%E7%A0%81.png
INFO: [ app_init ] --START--
INFO: Run Behavior\BuildLiteBehavior [ RunTime:0.000000s ]
INFO: [ app_init ] --END-- [ RunTime:0.000000s ]

[ 2018-11-08T16:31:38+08:00 ] ::1 /YFShop/index.php/Home/images/%E9%AA%8C%E8%AF%81%E7%A0%81.png
INFO: [ app_init ] --START--
INFO: Run Behavior\BuildLiteBehavior [ RunTime:0.000000s ]
INFO: [ app_init ] --END-- [ RunTime:0.001000s ]

[ 2018-11-08T16:32:08+08:00 ] ::1 /YFShop/index.php/Home/images/%E9%AA%8C%E8%AF%81%E7%A0%81.png
INFO: [ app_init ] --START--
INFO: Run Behavior\BuildLiteBehavior [ RunTime:0.000000s ]
INFO: [ app_init ] --END-- [ RunTime:0.001000s ]

[ 2018-11-08T16:32:09+08:00 ] ::1 /YFShop/index.php/Home/images/%E9%AA%8C%E8%AF%81%E7%A0%81.png
INFO: [ app_init ] --START--
INFO: Run Behavior\BuildLiteBehavior [ RunTime:0.000000s ]
INFO: [ app_init ] --END-- [ RunTime:0.000000s ]

[ 2018-11-08T16:32:10+08:00 ] ::1 /YFShop/index.php/Home/images/%E9%AA%8C%E8%AF%81%E7%A0%81.png
INFO: [ app_init ] --START--
INFO: Run Behavior\BuildLiteBehavior [ RunTime:0.000000s ]
INFO: [ app_init ] --END-- [ RunTime:0.001000s ]

[ 2018-11-08T16:32:20+08:00 ] ::1 /YFShop/index.php/Home/images/%E9%AA%8C%E8%AF%81%E7%A0%81.png
INFO: [ app_init ] --START--
INFO: Run Behavior\BuildLiteBehavior [ RunTime:0.000000s ]
INFO: [ app_init ] --END-- [ RunTime:0.001000s ]

[ 2018-11-08T16:32:21+08:00 ] ::1 /YFShop/index.php/Home/images/%E9%AA%8C%E8%AF%81%E7%A0%81.png
INFO: [ app_init ] --START--
INFO: Run Behavior\BuildLiteBehavior [ RunTime:0.000000s ]
INFO: [ app_init ] --END-- [ RunTime:0.000000s ]

[ 2018-11-08T16:32:21+08:00 ] ::1 /YFShop/index.php/Home/images/%E9%AA%8C%E8%AF%81%E7%A0%81.png
INFO: [ app_init ] --START--
INFO: Run Behavior\BuildLiteBehavior [ RunTime:0.000000s ]
INFO: [ app_init ] --END-- [ RunTime:0.001000s ]

[ 2018-11-08T16:32:24+08:00 ] ::1 /YFShop/index.php/Home/images/%E9%AA%8C%E8%AF%81%E7%A0%81.png
INFO: [ app_init ] --START--
INFO: Run Behavior\BuildLiteBehavior [ RunTime:0.000000s ]
INFO: [ app_init ] --END-- [ RunTime:0.000000s ]

[ 2018-11-08T16:32:25+08:00 ] ::1 /YFShop/index.php/Home/images/%E9%AA%8C%E8%AF%81%E7%A0%81.png
INFO: [ app_init ] --START--
INFO: Run Behavior\BuildLiteBehavior [ RunTime:0.000000s ]
INFO: [ app_init ] --END-- [ RunTime:0.001000s ]

[ 2018-11-08T16:33:08+08:00 ] ::1 /YFShop/index.php/Home/images/%E9%AA%8C%E8%AF%81%E7%A0%81.png
INFO: [ app_init ] --START--
INFO: Run Behavior\BuildLiteBehavior [ RunTime:0.000000s ]
INFO: [ app_init ] --END-- [ RunTime:0.000000s ]

[ 2018-11-08T16:33:09+08:00 ] ::1 /YFShop/index.php/Home/images/%E9%AA%8C%E8%AF%81%E7%A0%81.png
INFO: [ app_init ] --START--
INFO: Run Behavior\BuildLiteBehavior [ RunTime:0.000000s ]
INFO: [ app_init ] --END-- [ RunTime:0.000000s ]

[ 2018-11-08T16:33:36+08:00 ] ::1 /YFShop/index.php/Home/images/%E9%AA%8C%E8%AF%81%E7%A0%81.png
INFO: [ app_init ] --START--
INFO: Run Behavior\BuildLiteBehavior [ RunTime:0.000000s ]
INFO: [ app_init ] --END-- [ RunTime:0.000000s ]

[ 2018-11-08T16:33:37+08:00 ] ::1 /YFShop/index.php/Home/images/%E9%AA%8C%E8%AF%81%E7%A0%81.png
INFO: [ app_init ] --START--
INFO: Run Behavior\BuildLiteBehavior [ RunTime:0.000000s ]
INFO: [ app_init ] --END-- [ RunTime:0.000000s ]

[ 2018-11-08T16:33:48+08:00 ] ::1 /YFShop/index.php/Home/images/%E9%AA%8C%E8%AF%81%E7%A0%81.png
INFO: [ app_init ] --START--
INFO: Run Behavior\BuildLiteBehavior [ RunTime:0.000000s ]
INFO: [ app_init ] --END-- [ RunTime:0.000000s ]

[ 2018-11-08T16:34:25+08:00 ] ::1 /YFShop/index.php/Home/images/%E9%AA%8C%E8%AF%81%E7%A0%81.png
INFO: [ app_init ] --START--
INFO: Run Behavior\BuildLiteBehavior [ RunTime:0.000000s ]
INFO: [ app_init ] --END-- [ RunTime:0.000000s ]

[ 2018-11-08T16:34:28+08:00 ] ::1 /YFShop/index.php/Home/images/%E9%AA%8C%E8%AF%81%E7%A0%81.png
INFO: [ app_init ] --START--
INFO: Run Behavior\BuildLiteBehavior [ RunTime:0.000000s ]
INFO: [ app_init ] --END-- [ RunTime:0.001000s ]

[ 2018-11-08T16:34:30+08:00 ] ::1 /YFShop/index.php/Home/images/%E9%AA%8C%E8%AF%81%E7%A0%81.png
INFO: [ app_init ] --START--
INFO: Run Behavior\BuildLiteBehavior [ RunTime:0.000000s ]
INFO: [ app_init ] --END-- [ RunTime:0.000000s ]

[ 2018-11-08T16:34:36+08:00 ] ::1 /YFShop/index.php/Home/images/%E9%AA%8C%E8%AF%81%E7%A0%81.png
INFO: [ app_init ] --START--
INFO: Run Behavior\BuildLiteBehavior [ RunTime:0.000000s ]
INFO: [ app_init ] --END-- [ RunTime:0.000000s ]

[ 2018-11-08T16:51:00+08:00 ] ::1 /YFShop/index.php/Home/images/%E9%AA%8C%E8%AF%81%E7%A0%81.png
INFO: [ app_init ] --START--
INFO: Run Behavior\BuildLiteBehavior [ RunTime:0.000000s ]
INFO: [ app_init ] --END-- [ RunTime:0.001000s ]

[ 2018-11-08T16:51:01+08:00 ] ::1 /YFShop/index.php/Home/images/%E9%AA%8C%E8%AF%81%E7%A0%81.png
INFO: [ app_init ] --START--
INFO: Run Behavior\BuildLiteBehavior [ RunTime:0.000000s ]
INFO: [ app_init ] --END-- [ RunTime:0.000000s ]

[ 2018-11-08T16:51:03+08:00 ] ::1 /YFShop/index.php/Home/images/%E9%AA%8C%E8%AF%81%E7%A0%81.png
INFO: [ app_init ] --START--
INFO: Run Behavior\BuildLiteBehavior [ RunTime:0.000000s ]
INFO: [ app_init ] --END-- [ RunTime:0.000000s ]

[ 2018-11-08T16:51:07+08:00 ] ::1 /YFShop/index.php/Home/images/%E9%AA%8C%E8%AF%81%E7%A0%81.png
INFO: [ app_init ] --START--
INFO: Run Behavior\BuildLiteBehavior [ RunTime:0.000000s ]
INFO: [ app_init ] --END-- [ RunTime:0.001000s ]

[ 2018-11-08T16:51:10+08:00 ] ::1 /YFShop/index.php/Home/images/%E9%AA%8C%E8%AF%81%E7%A0%81.png
INFO: [ app_init ] --START--
INFO: Run Behavior\BuildLiteBehavior [ RunTime:0.000000s ]
INFO: [ app_init ] --END-- [ RunTime:0.001000s ]

[ 2018-11-08T16:51:12+08:00 ] ::1 /YFShop/index.php/Home/images/%E9%AA%8C%E8%AF%81%E7%A0%81.png
INFO: [ app_init ] --START--
INFO: Run Behavior\BuildLiteBehavior [ RunTime:0.000000s ]
INFO: [ app_init ] --END-- [ RunTime:0.001000s ]

[ 2018-11-08T16:51:17+08:00 ] ::1 /YFShop/index.php/Home/images/%E9%AA%8C%E8%AF%81%E7%A0%81.png
INFO: [ app_init ] --START--
INFO: Run Behavior\BuildLiteBehavior [ RunTime:0.000000s ]
INFO: [ app_init ] --END-- [ RunTime:0.000000s ]

[ 2018-11-08T16:51:19+08:00 ] ::1 /YFShop/index.php/Home/images/%E9%AA%8C%E8%AF%81%E7%A0%81.png
INFO: [ app_init ] --START--
INFO: Run Behavior\BuildLiteBehavior [ RunTime:0.000000s ]
INFO: [ app_init ] --END-- [ RunTime:0.001000s ]

[ 2018-11-08T17:05:02+08:00 ] ::1 /YFShop/index.php/Home/images/%E9%AA%8C%E8%AF%81%E7%A0%81.png
INFO: [ app_init ] --START--
INFO: Run Behavior\BuildLiteBehavior [ RunTime:0.000000s ]
INFO: [ app_init ] --END-- [ RunTime:0.001000s ]

[ 2018-11-08T17:05:03+08:00 ] ::1 /YFShop/index.php/Home/images/%E9%AA%8C%E8%AF%81%E7%A0%81.png
INFO: [ app_init ] --START--
INFO: Run Behavior\BuildLiteBehavior [ RunTime:0.000000s ]
INFO: [ app_init ] --END-- [ RunTime:0.000000s ]

[ 2018-11-08T17:05:05+08:00 ] ::1 /YFShop/index.php/Home/images/%E9%AA%8C%E8%AF%81%E7%A0%81.png
INFO: [ app_init ] --START--
INFO: Run Behavior\BuildLiteBehavior [ RunTime:0.000000s ]
INFO: [ app_init ] --END-- [ RunTime:0.000000s ]

[ 2018-11-08T17:05:07+08:00 ] ::1 /YFShop/index.php/Home/images/%E9%AA%8C%E8%AF%81%E7%A0%81.png
INFO: [ app_init ] --START--
INFO: Run Behavior\BuildLiteBehavior [ RunTime:0.000000s ]
INFO: [ app_init ] --END-- [ RunTime:0.001000s ]

[ 2018-11-08T17:07:11+08:00 ] ::1 /YFShop/index.php/Home/images/%E9%AA%8C%E8%AF%81%E7%A0%81.png
INFO: [ app_init ] --START--
INFO: Run Behavior\BuildLiteBehavior [ RunTime:0.000000s ]
INFO: [ app_init ] --END-- [ RunTime:0.000000s ]

[ 2018-11-08T17:07:13+08:00 ] ::1 /YFShop/index.php/Home/images/%E9%AA%8C%E8%AF%81%E7%A0%81.png
INFO: [ app_init ] --START--
INFO: Run Behavior\BuildLiteBehavior [ RunTime:0.000000s ]
INFO: [ app_init ] --END-- [ RunTime:0.000000s ]

[ 2018-11-08T17:07:15+08:00 ] ::1 /YFShop/index.php/Home/images/%E9%AA%8C%E8%AF%81%E7%A0%81.png
INFO: [ app_init ] --START--
INFO: Run Behavior\BuildLiteBehavior [ RunTime:0.000000s ]
INFO: [ app_init ] --END-- [ RunTime:0.001000s ]

[ 2018-11-08T17:07:17+08:00 ] ::1 /YFShop/index.php/Home/images/%E9%AA%8C%E8%AF%81%E7%A0%81.png
INFO: [ app_init ] --START--
INFO: Run Behavior\BuildLiteBehavior [ RunTime:0.000000s ]
INFO: [ app_init ] --END-- [ RunTime:0.000000s ]

[ 2018-11-08T17:07:19+08:00 ] ::1 /YFShop/index.php/Home/images/%E9%AA%8C%E8%AF%81%E7%A0%81.png
INFO: [ app_init ] --START--
INFO: Run Behavior\BuildLiteBehavior [ RunTime:0.000000s ]
INFO: [ app_init ] --END-- [ RunTime:0.000000s ]

[ 2018-11-08T17:07:50+08:00 ] ::1 /YFShop/index.php/Home/images/%E9%AA%8C%E8%AF%81%E7%A0%81.png
INFO: [ app_init ] --START--
INFO: Run Behavior\BuildLiteBehavior [ RunTime:0.000000s ]
INFO: [ app_init ] --END-- [ RunTime:0.000000s ]

[ 2018-11-08T17:07:53+08:00 ] ::1 /YFShop/index.php/Home/images/%E9%AA%8C%E8%AF%81%E7%A0%81.png
INFO: [ app_init ] --START--
INFO: Run Behavior\BuildLiteBehavior [ RunTime:0.000000s ]
INFO: [ app_init ] --END-- [ RunTime:0.000000s ]

[ 2018-11-08T17:09:27+08:00 ] ::1 /YFShop/index.php/Home/images/%E9%AA%8C%E8%AF%81%E7%A0%81.png
INFO: [ app_init ] --START--
INFO: Run Behavior\BuildLiteBehavior [ RunTime:0.000000s ]
INFO: [ app_init ] --END-- [ RunTime:0.000000s ]

[ 2018-11-08T17:09:28+08:00 ] ::1 /YFShop/index.php/Home/images/%E9%AA%8C%E8%AF%81%E7%A0%81.png
INFO: [ app_init ] --START--
INFO: Run Behavior\BuildLiteBehavior [ RunTime:0.000000s ]
INFO: [ app_init ] --END-- [ RunTime:0.000000s ]

[ 2018-11-08T17:09:31+08:00 ] ::1 /YFShop/index.php/Home/images/%E9%AA%8C%E8%AF%81%E7%A0%81.png
INFO: [ app_init ] --START--
INFO: Run Behavior\BuildLiteBehavior [ RunTime:0.000000s ]
INFO: [ app_init ] --END-- [ RunTime:0.000000s ]

[ 2018-11-08T17:09:33+08:00 ] ::1 /YFShop/index.php/Home/images/%E9%AA%8C%E8%AF%81%E7%A0%81.png
INFO: [ app_init ] --START--
INFO: Run Behavior\BuildLiteBehavior [ RunTime:0.000000s ]
INFO: [ app_init ] --END-- [ RunTime:0.001000s ]

[ 2018-11-08T17:09:36+08:00 ] ::1 /YFShop/index.php/Home/images/%E9%AA%8C%E8%AF%81%E7%A0%81.png
INFO: [ app_init ] --START--
INFO: Run Behavior\BuildLiteBehavior [ RunTime:0.000000s ]
INFO: [ app_init ] --END-- [ RunTime:0.000000s ]

[ 2018-11-08T17:10:40+08:00 ] ::1 /YFShop/index.php/Home/images/%E9%AA%8C%E8%AF%81%E7%A0%81.png
INFO: [ app_init ] --START--
INFO: Run Behavior\BuildLiteBehavior [ RunTime:0.000000s ]
INFO: [ app_init ] --END-- [ RunTime:0.000000s ]

[ 2018-11-08T17:10:41+08:00 ] ::1 /YFShop/index.php/Home/images/%E9%AA%8C%E8%AF%81%E7%A0%81.png
INFO: [ app_init ] --START--
INFO: Run Behavior\BuildLiteBehavior [ RunTime:0.000000s ]
INFO: [ app_init ] --END-- [ RunTime:0.000000s ]

[ 2018-11-08T17:10:45+08:00 ] ::1 /YFShop/index.php/Home/images/%E9%AA%8C%E8%AF%81%E7%A0%81.png
INFO: [ app_init ] --START--
INFO: Run Behavior\BuildLiteBehavior [ RunTime:0.000000s ]
INFO: [ app_init ] --END-- [ RunTime:0.001000s ]

[ 2018-11-08T17:11:57+08:00 ] ::1 /YFShop/index.php/Home/images/%E9%AA%8C%E8%AF%81%E7%A0%81.png
INFO: [ app_init ] --START--
INFO: Run Behavior\BuildLiteBehavior [ RunTime:0.000000s ]
INFO: [ app_init ] --END-- [ RunTime:0.000000s ]

[ 2018-11-08T17:11:58+08:00 ] ::1 /YFShop/index.php/Home/images/%E9%AA%8C%E8%AF%81%E7%A0%81.png
INFO: [ app_init ] --START--
INFO: Run Behavior\BuildLiteBehavior [ RunTime:0.000000s ]
INFO: [ app_init ] --END-- [ RunTime:0.001000s ]

[ 2018-11-08T17:12:06+08:00 ] ::1 /YFShop/index.php/Home/images/%E9%AA%8C%E8%AF%81%E7%A0%81.png
INFO: [ app_init ] --START--
INFO: Run Behavior\BuildLiteBehavior [ RunTime:0.000000s ]
INFO: [ app_init ] --END-- [ RunTime:0.001000s ]

[ 2018-11-08T17:12:08+08:00 ] ::1 /YFShop/index.php/Home/images/%E9%AA%8C%E8%AF%81%E7%A0%81.png
INFO: [ app_init ] --START--
INFO: Run Behavior\BuildLiteBehavior [ RunTime:0.000000s ]
INFO: [ app_init ] --END-- [ RunTime:0.000000s ]

