[ 2018-11-14T10:12:20+08:00 ] ::1 /YFShop/Public/Home/jsAddress.js
INFO: [ app_init ] --START--
INFO: Run Behavior\BuildLiteBehavior [ RunTime:0.000000s ]
INFO: [ app_init ] --END-- [ RunTime:0.000000s ]
ERR: 无法加载模块:Public

[ 2018-11-14T10:12:20+08:00 ] ::1 /YFShop/Public/Home/jquery-1.9.0.min.js
INFO: [ app_init ] --START--
INFO: Run Behavior\BuildLiteBehavior [ RunTime:0.000000s ]
INFO: [ app_init ] --END-- [ RunTime:0.000000s ]
ERR: 无法加载模块:Public

[ 2018-11-14T10:12:20+08:00 ] ::1 /YFShop/Public/Home/jsAddress.js
INFO: [ app_init ] --START--
INFO: Run Behavior\BuildLiteBehavior [ RunTime:0.000000s ]
INFO: [ app_init ] --END-- [ RunTime:0.000000s ]
ERR: 无法加载模块:Public

lic

[ 2018-11-14T10:12:20+08:00 ] ::1 /YFShop/Public/Home/jquery-1.9.0.min.js
INFO: [ app_init ] --START--
INFO: Run Behavior\BuildLiteBehavior [ RunTime:0.000000s ]
INFO: [ app_init ] --END-- [ RunTime:0.001000s ]
ERR: 无法加载模块:Public

[ 2018-11-14T10:12:21+08:00 ] ::1 /YFShop/Public/Home/jsAddress.js
INFO: [ app_init ] --START--
INFO: Run Behavior\BuildLiteBehavior [ RunTime:0.000000s ]
INFO: [ app_init ] --END-- [ RunTime:0.001000s ]
ERR: 无法加载模块:Public

lic

[ 2018-11-14T10:12:21+08:00 ] ::1 /YFShop/Public/Home/jquery-1.9.0.min.js
INFO: [ app_init ] --START--
INFO: Run Behavior\BuildLiteBehavior [ RunTime:0.000000s ]
INFO: [ app_init ] --END-- [ RunTime:0.000000s ]
ERR: 无法加载模块:Public

[ 2018-11-14T10:12:32+08:00 ] ::1 /YFShop/Public/Home/jsAddress.js
INFO: [ app_init ] --START--
INFO: Run Behavior\BuildLiteBehavior [ RunTime:0.000000s ]
INFO: [ app_init ] --END-- [ RunTime:0.001000s ]
ERR: 无法加载模块:Public

[ 2018-11-14T10:12:32+08:00 ] ::1 /YFShop/Public/Home/jquery-1.9.0.min.js
INFO: [ app_init ] --START--
INFO: Run Behavior\BuildLiteBehavior [ RunTime:0.000000s ]
INFO: [ app_init ] --END-- [ RunTime:0.000000s ]
ERR: 无法加载模块:Public

[ 2018-11-14T10:12:32+08:00 ] ::1 /YFShop/Public/Home/jquery-1.9.0.min.js
INFO: [ app_init ] --START--
INFO: Run Behavior\BuildLiteBehavior [ RunTime:0.000000s ]
INFO: [ app_init ] --END-- [ RunTime:0.001000s ]
ERR: 无法加载模块:Public

[ 2018-11-14T10:21:23+08:00 ] ::1 /YFShop/Public/Home/images/%C3%A7%E2%80%9D%C2%A8%C3%A6%CB%86%C2%B7%C3%A5%C2%90%C2%8D.png
INFO: [ app_init ] --START--
INFO: Run Behavior\BuildLiteBehavior [ RunTime:0.000000s ]
INFO: [ app_init ] --END-- [ RunTime:0.001000s ]

[ 2018-11-14T16:05:31+08:00 ] ::1 /YFShop/Public/Home/images/%C3%A7%E2%80%9D%C2%A8%C3%A6%CB%86%C2%B7%C3%A5%C2%90%C2%8D.png
INFO: [ app_init ] --START--
INFO: Run Behavior\BuildLiteBehavior [ RunTime:0.000000s ]
INFO: [ app_init ] --END-- [ RunTime:0.001000s ]

[ 2018-11-14T16:11:30+08:00 ] ::1 /YFShop/Public/Home/images/%C3%A7%E2%80%9D%C2%A8%C3%A6%CB%86%C2%B7%C3%A5%C2%90%C2%8D.png
INFO: [ app_init ] --START--
INFO: Run Behavior\BuildLiteBehavior [ RunTime:0.000000s ]
INFO: [ app_init ] --END-- [ RunTime:0.000000s ]

[ 2018-11-14T16:16:43+08:00 ] ::1 /YFShop/Public/Home/jquery-1.9.0.min.js
INFO: [ app_init ] --START--
INFO: Run Behavior\BuildLiteBehavior [ RunTime:0.000000s ]
INFO: [ app_init ] --END-- [ RunTime:0.000000s ]
ERR: 无法加载模块:Public

[ 2018-11-14T16:16:43+08:00 ] ::1 /YFShop/Public/Home/jsAddress.js
INFO: [ app_init ] --START--
INFO: Run Behavior\BuildLiteBehavior [ RunTime:0.000000s ]
INFO: [ app_init ] --END-- [ RunTime:0.001000s ]
ERR: 无法加载模块:Public

[ 2018-11-14T16:16:43+08:00 ] ::1 /YFShop/Public/Home/jquery-1.9.0.min.js
INFO: [ app_init ] --START--
INFO: Run Behavior\BuildLiteBehavior [ RunTime:0.000000s ]
INFO: [ app_init ] --END-- [ RunTime:0.001000s ]
ERR: 无法加载模块:Public

[ 2018-11-14T16:25:01+08:00 ] ::1 /YFShop/Public/Home/images/%C3%A6%C5%B8%C2%B4%C3%A7%C5%A0%C2%AC1.jpg
INFO: [ app_init ] --START--
INFO: Run Behavior\BuildLiteBehavior [ RunTime:0.000000s ]
INFO: [ app_init ] --END-- [ RunTime:0.000000s ]

[ 2018-11-14T16:25:02+08:00 ] ::1 /YFShop/Public/Home/images/%C3%A7%C2%BB%E2%80%9E-40.png
INFO: [ app_init ] --START--
INFO: Run Behavior\BuildLiteBehavior [ RunTime:0.000000s ]
INFO: [ app_init ] --END-- [ RunTime:0.001000s ]

[ 2018-11-14T16:25:02+08:00 ] ::1 /YFShop/Public/Home/images/%C3%A7%C2%BB%E2%80%9E-39.png
INFO: [ app_init ] --START--
INFO: Run Behavior\BuildLiteBehavior [ RunTime:0.000000s ]
INFO: [ app_init ] --END-- [ RunTime:0.002000s ]

[ 2018-11-14T16:25:13+08:00 ] ::1 /YFShop/Public/Home/images/%C3%A6%C5%B8%C2%B4%C3%A7%C5%A0%C2%AC1.jpg
INFO: [ app_init ] --START--
INFO: Run Behavior\BuildLiteBehavior [ RunTime:0.000000s ]
INFO: [ app_init ] --END-- [ RunTime:0.000000s ]

[ 2018-11-14T16:25:31+08:00 ] ::1 /YFShop/Public/Home/images/%C3%A6%C5%B8%C2%B4%C3%A7%C5%A0%C2%AC1.jpg
INFO: [ app_init ] --START--
INFO: Run Behavior\BuildLiteBehavior [ RunTime:0.000000s ]
INFO: [ app_init ] --END-- [ RunTime:0.000000s ]

[ 2018-11-14T16:25:31+08:00 ] ::1 /YFShop/Public/Home/images/%C3%A6%C5%B8%C2%B4%C3%A7%C5%A0%C2%AC1.jpg
INFO: [ app_init ] --START--
INFO: Run Behavior\BuildLiteBehavior [ RunTime:0.000000s ]
INFO: [ app_init ] --END-- [ RunTime:0.001000s ]

[ 2018-11-14T16:25:32+08:00 ] ::1 /YFShop/Public/Home/images/%C3%A7%C2%BB%E2%80%9E-39.png
INFO: [ app_init ] --START--
INFO: Run Behavior\BuildLiteBehavior [ RunTime:0.000000s ]
INFO: [ app_init ] --END-- [ RunTime:0.000000s ]

[ 2018-11-14T16:25:32+08:00 ] ::1 /YFShop/Public/Home/images/%C3%A7%C2%BB%E2%80%9E-40.png
INFO: [ app_init ] --START--
INFO: Run Behavior\BuildLiteBehavior [ RunTime:0.000000s ]
INFO: [ app_init ] --END-- [ RunTime:0.001000s ]

[ 2018-11-14T16:26:06+08:00 ] ::1 /YFShop/Public/Home/jquery-1.9.0.min.js
INFO: [ app_init ] --START--
INFO: Run Behavior\BuildLiteBehavior [ RunTime:0.000000s ]
INFO: [ app_init ] --END-- [ RunTime:0.000000s ]
ERR: 无法加载模块:Public

[ 2018-11-14T16:26:06+08:00 ] ::1 /YFShop/Public/Home/jsAddress.js
INFO: [ app_init ] --START--
INFO: Run Behavior\BuildLiteBehavior [ RunTime:0.000000s ]
INFO: [ app_init ] --END-- [ RunTime:0.000000s ]
ERR: 无法加载模块:Public

[ 2018-11-14T16:26:06+08:00 ] ::1 /YFShop/Public/Home/jquery-1.9.0.min.js
INFO: [ app_init ] --START--
INFO: Run Behavior\BuildLiteBehavior [ RunTime:0.000000s ]
INFO: [ app_init ] --END-- [ RunTime:0.001000s ]
ERR: 无法加载模块:Public

[ 2018-11-14T16:52:14+08:00 ] ::1 /YFShop/Public/Home/js/jquery-3.3.1.min
INFO: [ app_init ] --START--
INFO: Run Behavior\BuildLiteBehavior [ RunTime:0.000000s ]
INFO: [ app_init ] --END-- [ RunTime:0.000000s ]
ERR: 无法加载模块:Public

[ 2018-11-14T16:52:23+08:00 ] ::1 /YFShop/Public/Home/js/jquery-3.3.1.min
INFO: [ app_init ] --START--
INFO: Run Behavior\BuildLiteBehavior [ RunTime:0.000000s ]
INFO: [ app_init ] --END-- [ RunTime:0.001000s ]
ERR: 无法加载模块:Public

[ 2018-11-14T16:53:01+08:00 ] ::1 /YFShop/Public/Home/js/jquery-3.3.1.min
INFO: [ app_init ] --START--
INFO: Run Behavior\BuildLiteBehavior [ RunTime:0.000000s ]
INFO: [ app_init ] --END-- [ RunTime:0.000000s ]
ERR: 无法加载模块:Public

[ 2018-11-14T16:53:11+08:00 ] ::1 /YFShop/Public/Home/js/jquery-3.3.1.min
INFO: [ app_init ] --START--
INFO: Run Behavior\BuildLiteBehavior [ RunTime:0.000000s ]
INFO: [ app_init ] --END-- [ RunTime:0.001000s ]
ERR: 无法加载模块:Public

[ 2018-11-14T16:53:25+08:00 ] ::1 /YFShop/Public/Home//js/jquery-3.3.1.min
INFO: [ app_init ] --START--
INFO: Run Behavior\BuildLiteBehavior [ RunTime:0.000000s ]
INFO: [ app_init ] --END-- [ RunTime:0.000000s ]
ERR: 无法加载模块:Public

[ 2018-11-14T16:53:30+08:00 ] ::1 /YFShop/Public/Home//js/jquery-3.3.1.min
INFO: [ app_init ] --START--
INFO: Run Behavior\BuildLiteBehavior [ RunTime:0.000000s ]
INFO: [ app_init ] --END-- [ RunTime:0.000000s ]
ERR: 无法加载模块:Public

[ 2018-11-14T16:53:34+08:00 ] ::1 /YFShop/Public/Home/js/jquery-3.3.1.min
INFO: [ app_init ] --START--
INFO: Run Behavior\BuildLiteBehavior [ RunTime:0.000000s ]
INFO: [ app_init ] --END-- [ RunTime:0.000000s ]
ERR: 无法加载模块:Public

[ 2018-11-14T16:53:54+08:00 ] ::1 /YFShop/Public/Home/js/jquery-3.3.1.min
INFO: [ app_init ] --START--
INFO: Run Behavior\BuildLiteBehavior [ RunTime:0.000000s ]
INFO: [ app_init ] --END-- [ RunTime:0.001000s ]
ERR: 无法加载模块:Public

[ 2018-11-14T16:57:42+08:00 ] ::1 /YFShop/Public/Home/images/%C3%A7%E2%80%9D%C2%A8%C3%A6%CB%86%C2%B7%C3%A5%C2%90%C2%8D.png
INFO: [ app_init ] --START--
INFO: Run Behavior\BuildLiteBehavior [ RunTime:0.000000s ]
INFO: [ app_init ] --END-- [ RunTime:0.000000s ]

[ 2018-11-14T16:58:24+08:00 ] ::1 /YFShop/index.php/YFShop/index.php/Home/Index/index
INFO: [ app_init ] --START--
INFO: Run Behavior\BuildLiteBehavior [ RunTime:0.000000s ]
INFO: [ app_init ] --END-- [ RunTime:0.001000s ]
ERR: 无法加载模块:YFShop

[ 2018-11-14T16:58:56+08:00 ] ::1 /YFShop/index.php/YFShop/index.php/Home/Index/index
INFO: [ app_init ] --START--
INFO: Run Behavior\BuildLiteBehavior [ RunTime:0.000000s ]
INFO: [ app_init ] --END-- [ RunTime:0.000000s ]
ERR: 无法加载模块:YFShop

[ 2018-11-14T17:12:24+08:00 ] ::1 /YFShop/Public/Home/images/%C3%A6%C5%B8%C2%B4%C3%A7%C5%A0%C2%AC1.jpg
INFO: [ app_init ] --START--
INFO: Run Behavior\BuildLiteBehavior [ RunTime:0.000000s ]
INFO: [ app_init ] --END-- [ RunTime:0.001000s ]

[ 2018-11-14T17:14:02+08:00 ] ::1 /YFShop/Public/Home/images/%C3%A6%C5%B8%C2%B4%C3%A7%C5%A0%C2%AC1.jpg
INFO: [ app_init ] --START--
INFO: Run Behavior\BuildLiteBehavior [ RunTime:0.000000s ]
INFO: [ app_init ] --END-- [ RunTime:0.001000s ]

[ 2018-11-14T17:14:02+08:00 ] ::1 /YFShop/Public/Home/images/%C3%A6%C5%B8%C2%B4%C3%A7%C5%A0%C2%AC1.jpg
INFO: [ app_init ] --START--
INFO: Run Behavior\BuildLiteBehavior [ RunTime:0.000000s ]
INFO: [ app_init ] --END-- [ RunTime:0.001000s ]

[ 2018-11-14T17:14:03+08:00 ] ::1 /YFShop/Public/Home/images/%C3%A6%C5%B8%C2%B4%C3%A7%C5%A0%C2%AC1.jpg
INFO: [ app_init ] --START--
INFO: Run Behavior\BuildLiteBehavior [ RunTime:0.000000s ]
INFO: [ app_init ] --END-- [ RunTime:0.001000s ]

[ 2018-11-14T17:14:03+08:00 ] ::1 /YFShop/Public/Home/images/%C3%A6%C5%B8%C2%B4%C3%A7%C5%A0%C2%AC1.jpg
INFO: [ app_init ] --START--
INFO: Run Behavior\BuildLiteBehavior [ RunTime:0.000000s ]
INFO: [ app_init ] --END-- [ RunTime:0.001000s ]

[ 2018-11-14T17:14:04+08:00 ] ::1 /YFShop/Public/Home/images/%C3%A6%C5%B8%C2%B4%C3%A7%C5%A0%C2%AC1.jpg
INFO: [ app_init ] --START--
INFO: Run Behavior\BuildLiteBehavior [ RunTime:0.000000s ]
INFO: [ app_init ] --END-- [ RunTime:0.000000s ]

[ 2018-11-14T17:14:04+08:00 ] ::1 /YFShop/Public/Home/images/%C3%A6%C5%B8%C2%B4%C3%A7%C5%A0%C2%AC1.jpg
INFO: [ app_init ] --START--
INFO: Run Behavior\BuildLiteBehavior [ RunTime:0.000000s ]
INFO: [ app_init ] --END-- [ RunTime:0.001000s ]

[ 2018-11-14T17:14:05+08:00 ] ::1 /YFShop/Public/Home/images/%C3%A6%C5%B8%C2%B4%C3%A7%C5%A0%C2%AC1.jpg
INFO: [ app_init ] --START--
INFO: Run Behavior\BuildLiteBehavior [ RunTime:0.000000s ]
INFO: [ app_init ] --END-- [ RunTime:0.000000s ]

[ 2018-11-14T17:14:06+08:00 ] ::1 /YFShop/Public/Home/images/%C3%A6%C5%B8%C2%B4%C3%A7%C5%A0%C2%AC1.jpg
INFO: [ app_init ] --START--
INFO: Run Behavior\BuildLiteBehavior [ RunTime:0.000000s ]
INFO: [ app_init ] --END-- [ RunTime:0.001000s ]

[ 2018-11-14T17:14:06+08:00 ] ::1 /YFShop/Public/Home/images/%C3%A6%C5%B8%C2%B4%C3%A7%C5%A0%C2%AC1.jpg
INFO: [ app_init ] --START--
INFO: Run Behavior\BuildLiteBehavior [ RunTime:0.000000s ]
INFO: [ app_init ] --END-- [ RunTime:0.001000s ]

[ 2018-11-14T17:14:07+08:00 ] ::1 /YFShop/Public/Home/images/%C3%A6%C5%B8%C2%B4%C3%A7%C5%A0%C2%AC1.jpg
INFO: [ app_init ] --START--
INFO: Run Behavior\BuildLiteBehavior [ RunTime:0.000000s ]
INFO: [ app_init ] --END-- [ RunTime:0.001000s ]

[ 2018-11-14T17:14:07+08:00 ] ::1 /YFShop/Public/Home/images/%C3%A6%C5%B8%C2%B4%C3%A7%C5%A0%C2%AC1.jpg
INFO: [ app_init ] --START--
INFO: Run Behavior\BuildLiteBehavior [ RunTime:0.000000s ]
INFO: [ app_init ] --END-- [ RunTime:0.001000s ]

[ 2018-11-14T17:14:07+08:00 ] ::1 /YFShop/Public/Home/images/%C3%A6%C5%B8%C2%B4%C3%A7%C5%A0%C2%AC1.jpg
INFO: [ app_init ] --START--
INFO: Run Behavior\BuildLiteBehavior [ RunTime:0.000000s ]
INFO: [ app_init ] --END-- [ RunTime:0.000000s ]

[ 2018-11-14T17:14:09+08:00 ] ::1 /YFShop/Public/Home/images/%C3%A6%C5%B8%C2%B4%C3%A7%C5%A0%C2%AC1.jpg
INFO: [ app_init ] --START--
INFO: Run Behavior\BuildLiteBehavior [ RunTime:0.000000s ]
INFO: [ app_init ] --END-- [ RunTime:0.000000s ]

[ 2018-11-14T17:14:28+08:00 ] ::1 /YFShop/Public/Home/images/%C3%A6%C5%B8%C2%B4%C3%A7%C5%A0%C2%AC1.jpg
INFO: [ app_init ] --START--
INFO: Run Behavior\BuildLiteBehavior [ RunTime:0.000000s ]
INFO: [ app_init ] --END-- [ RunTime:0.001000s ]

[ 2018-11-14T17:14:29+08:00 ] ::1 /YFShop/Public/Home/images/%C3%A6%C5%B8%C2%B4%C3%A7%C5%A0%C2%AC1.jpg
INFO: [ app_init ] --START--
INFO: Run Behavior\BuildLiteBehavior [ RunTime:0.000000s ]
INFO: [ app_init ] --END-- [ RunTime:0.000000s ]

[ 2018-11-14T17:14:29+08:00 ] ::1 /YFShop/Public/Home/images/%C3%A6%C5%B8%C2%B4%C3%A7%C5%A0%C2%AC1.jpg
INFO: [ app_init ] --START--
INFO: Run Behavior\BuildLiteBehavior [ RunTime:0.000000s ]
INFO: [ app_init ] --END-- [ RunTime:0.000000s ]

[ 2018-11-14T17:14:29+08:00 ] ::1 /YFShop/Public/Home/images/%C3%A6%C5%B8%C2%B4%C3%A7%C5%A0%C2%AC1.jpg
INFO: [ app_init ] --START--
INFO: Run Behavior\BuildLiteBehavior [ RunTime:0.000000s ]
INFO: [ app_init ] --END-- [ RunTime:0.000000s ]

[ 2018-11-14T17:14:30+08:00 ] ::1 /YFShop/Public/Home/images/%C3%A6%C5%B8%C2%B4%C3%A7%C5%A0%C2%AC1.jpg
INFO: [ app_init ] --START--
INFO: Run Behavior\BuildLiteBehavior [ RunTime:0.000000s ]
INFO: [ app_init ] --END-- [ RunTime:0.000000s ]

[ 2018-11-14T17:14:30+08:00 ] ::1 /YFShop/Public/Home/images/%C3%A6%C5%B8%C2%B4%C3%A7%C5%A0%C2%AC1.jpg
INFO: [ app_init ] --START--
INFO: Run Behavior\BuildLiteBehavior [ RunTime:0.000000s ]
INFO: [ app_init ] --END-- [ RunTime:0.000000s ]

[ 2018-11-14T17:14:30+08:00 ] ::1 /YFShop/Public/Home/images/%C3%A6%C5%B8%C2%B4%C3%A7%C5%A0%C2%AC1.jpg
INFO: [ app_init ] --START--
INFO: Run Behavior\BuildLiteBehavior [ RunTime:0.000000s ]
INFO: [ app_init ] --END-- [ RunTime:0.001000s ]

[ 2018-11-14T17:14:31+08:00 ] ::1 /YFShop/Public/Home/images/%C3%A6%C5%B8%C2%B4%C3%A7%C5%A0%C2%AC1.jpg
INFO: [ app_init ] --START--
INFO: Run Behavior\BuildLiteBehavior [ RunTime:0.000000s ]
INFO: [ app_init ] --END-- [ RunTime:0.001000s ]

[ 2018-11-14T17:14:31+08:00 ] ::1 /YFShop/Public/Home/images/%C3%A6%C5%B8%C2%B4%C3%A7%C5%A0%C2%AC1.jpg
INFO: [ app_init ] --START--
INFO: Run Behavior\BuildLiteBehavior [ RunTime:0.000000s ]
INFO: [ app_init ] --END-- [ RunTime:0.000000s ]

[ 2018-11-14T17:14:31+08:00 ] ::1 /YFShop/Public/Home/images/%C3%A6%C5%B8%C2%B4%C3%A7%C5%A0%C2%AC1.jpg
INFO: [ app_init ] --START--
INFO: Run Behavior\BuildLiteBehavior [ RunTime:0.000000s ]
INFO: [ app_init ] --END-- [ RunTime:0.000000s ]

[ 2018-11-14T17:16:08+08:00 ] ::1 /YFShop/Public/Admin/js/plugins/layer/skin/layer.css
INFO: [ app_init ] --START--
INFO: Run Behavior\BuildLiteBehavior [ RunTime:0.000000s ]
INFO: [ app_init ] --END-- [ RunTime:0.000000s ]
ERR: 无法加载模块:Public

[ 2018-11-14T17:16:08+08:00 ] ::1 /YFShop/Public/Admin/js/plugins/layer/extend/layer.ext.js
INFO: [ app_init ] --START--
INFO: Run Behavior\BuildLiteBehavior [ RunTime:0.000000s ]
INFO: [ app_init ] --END-- [ RunTime:0.001000s ]
ERR: 无法加载模块:Public

[ 2018-11-14T17:16:35+08:00 ] ::1 /YFShop/Public/Admin/js/plugins/layer/skin/layer.css
INFO: [ app_init ] --START--
INFO: Run Behavior\BuildLiteBehavior [ RunTime:0.000000s ]
INFO: [ app_init ] --END-- [ RunTime:0.000000s ]
ERR: 无法加载模块:Public

[ 2018-11-14T17:16:35+08:00 ] ::1 /YFShop/Public/Admin/js/plugins/layer/extend/layer.ext.js
INFO: [ app_init ] --START--
INFO: Run Behavior\BuildLiteBehavior [ RunTime:0.000000s ]
INFO: [ app_init ] --END-- [ RunTime:0.001000s ]
ERR: 无法加载模块:Public

[ 2018-11-14T18:31:02+08:00 ] 117.30.94.19 /index.php/sdsds
INFO: [ app_init ] --START--
INFO: Run Behavior\BuildLiteBehavior [ RunTime:0.000006s ]
INFO: [ app_init ] --END-- [ RunTime:0.000183s ]
ERR: 无法加载模块:Sdsds

[ 2018-11-14T18:31:29+08:00 ] 117.30.94.19 /index.php/sdsds
ERR: 无法加载模块:Sdsds

